
> server@1.0.0 test
> jest -i admin.test.js

  console.log
    [dotenv@17.2.3] injecting env (8) from .env -- tip: ⚙️  suppress all logs with { quiet: true }

      at _log (node_modules/dotenv/lib/main.js:142:11)

  console.log
    [dotenv@17.2.3] injecting env (0) from .env -- tip: ⚙️  specify custom .env file path with { path: '/custom/path/.env' }

      at _log (node_modules/dotenv/lib/main.js:142:11)

  console.log
    DB_USER = root

      at Object.log (config/db.js:16:9)

  console.log
    DB_PASSWORD = MISSING

      at Object.log (config/db.js:17:9)

  console.log
    DB_NAME = amperio_test

      at Object.log (config/db.js:18:9)

  console.log
    [dotenv@17.2.3] injecting env (0) from .env -- tip: ✅ audit secrets and track compliance: https://dotenvx.com/ops

      at _log (node_modules/dotenv/lib/main.js:142:11)

  console.error
    Error Logged: {
      call: '/api/admin/addpoints',
      timeref: '2026-02-02 12:44',
      originator: '::ffff:127.0.0.1',
      return_code: 400,
      error: 'No file uploaded',
      debuginfo: null
    }

    [0m [90m 29 |[39m
     [90m 30 |[39m     [90m// 4. Log to your server console (so you can see it in terminal)[39m
    [31m[1m>[22m[39m[90m 31 |[39m     console[33m.[39merror([32m'Error Logged:'[39m[33m,[39m errorLog)[33m;[39m
     [90m    |[39m             [31m[1m^[22m[39m
     [90m 32 |[39m
     [90m 33 |[39m     [90m// 5. Send the JSON response to the user[39m
     [90m 34 |[39m     res[33m.[39mjson(errorLog)[33m;[39m[0m

      at error (middleware/errorHandler.js:31:13)
      at Layer.handleError (node_modules/router/lib/layer.js:116:17)
      at trimPrefix (node_modules/router/index.js:340:13)
      at node_modules/router/index.js:297:9
      at processParams (node_modules/router/index.js:582:12)
      at next (node_modules/router/index.js:291:5)
      at Layer.handleError (node_modules/router/lib/layer.js:111:12)
      at trimPrefix (node_modules/router/index.js:340:13)
      at node_modules/router/index.js:297:9
      at processParams (node_modules/router/index.js:582:12)
      at next (node_modules/router/index.js:291:5)
      at Layer.handleError (node_modules/router/lib/layer.js:111:12)
      at trimPrefix (node_modules/router/index.js:340:13)
      at node_modules/router/index.js:297:9
      at processParams (node_modules/router/index.js:582:12)
      at Immediate.next (node_modules/router/index.js:291:5)
      at Immediate._onImmediate (node_modules/router/index.js:688:15)

  console.error
    Error Logged: {
      call: '/api/admin/addpoints',
      timeref: '2026-02-02 12:44',
      originator: '::ffff:127.0.0.1',
      return_code: 400,
      error: "Invalid file type. Only 'text/csv' is supported.",
      debuginfo: null
    }

    [0m [90m 29 |[39m
     [90m 30 |[39m     [90m// 4. Log to your server console (so you can see it in terminal)[39m
    [31m[1m>[22m[39m[90m 31 |[39m     console[33m.[39merror([32m'Error Logged:'[39m[33m,[39m errorLog)[33m;[39m
     [90m    |[39m             [31m[1m^[22m[39m
     [90m 32 |[39m
     [90m 33 |[39m     [90m// 5. Send the JSON response to the user[39m
     [90m 34 |[39m     res[33m.[39mjson(errorLog)[33m;[39m[0m

      at error (middleware/errorHandler.js:31:13)
      at Layer.handleError (node_modules/router/lib/layer.js:116:17)
      at trimPrefix (node_modules/router/index.js:340:13)
      at node_modules/router/index.js:297:9
      at processParams (node_modules/router/index.js:582:12)
      at next (node_modules/router/index.js:291:5)
      at Layer.handleError (node_modules/router/lib/layer.js:111:12)
      at trimPrefix (node_modules/router/index.js:340:13)
      at node_modules/router/index.js:297:9
      at processParams (node_modules/router/index.js:582:12)
      at next (node_modules/router/index.js:291:5)
      at Layer.handleError (node_modules/router/lib/layer.js:111:12)
      at trimPrefix (node_modules/router/index.js:340:13)
      at node_modules/router/index.js:297:9
      at processParams (node_modules/router/index.js:582:12)
      at Immediate.next (node_modules/router/index.js:291:5)
      at Immediate._onImmediate (node_modules/router/index.js:688:15)

PASS tests/admin.test.js
  Admin API
    GET /api/admin/healthcheck
      √ should return healthcheck information with status 200 (223 ms)
    POST /api/admin/resetpoints
      √ should reset the database and return a success message (365 ms)
    POST /api/admin/addpoints
      √ should add points from a valid CSV file (162 ms)
      √ should return 400 if no file is uploaded (166 ms)
      √ should return 400 if the file type is not CSV (322 ms)
    Security Vulnerabilities
      ✎ todo should protect the /resetpoints endpoint with admin authentication
      ✎ todo should protect the /addpoints endpoint with admin authentication

Test Suites: 1 passed, 1 total
Tests:       2 todo, 5 passed, 7 total
Snapshots:   0 total
Time:        1.882 s, estimated 13 s
Ran all test suites matching admin.test.js.
[dotenv@17.2.3] injecting env (8) from .env -- tip: 🔐 encrypt with Dotenvx: https://dotenvx.com
DB_USER = root
DB_PASSWORD = MISSING
DB_NAME = amperio_test
Jest did not exit one second after the test run has completed.

'This usually means that there are asynchronous operations that weren't stopped in your tests. Consider running Jest with `--detectOpenHandles` to troubleshoot this issue.
